id,msg
RwGfqexvlts,transcript file already exists
WfLHhO-bCFE,transcript file already exists
T6LAwn7qlpE,transcript file already exists
MP_nWuLYpJw,transcript file already exists
PIsIE0oHGgo,transcript file already exists
mv1z2p3to0U,transcript file already exists
dVRl1aP28BI,transcript file already exists
akO6D_tc0lo,transcript file already exists
7UEIBdMyj9g,transcript file already exists
bJUiWdM__Qw,transcript file already exists
KUu2gJn1dzc,transcript file already exists
Zru1yk--rGQ,transcript file already exists
-Vy12e0LjX4,transcript file already exists
vjZXcapkFEU,transcript file already exists
uEjMyHccX8U,transcript file already exists
A_l8_C-EO38,transcript file already exists
eVgmI-YF16g,ok
PsuoXi2D6tM,ok
OmwE0aJqkdA,ok
12,video has no captions
eQ9eY0_DoEk,ok
7H3z3J50XCs,ok
iX7Dzr2whWQ,ok
Q2ezpExQ_k0,ok
roCX0AfBseQ,ok
ZsBWgeQHjnM,ok
h2sRyjR1mFc,video has no captions
basFyoMSjds,ok
HsxBw6ls7Z0,ok
22kHNWK1eLk,ok
hXYoduN0kWs,ok
wBhhlE92mIQ,ok
GXDQOSbcmv4,ok
KxPgrGdSHh8,ok
8DCw_eR_iPA,ok
27mUWs2wjPs,ok
pw2A03Z91FI,ok
MbRm5s3i2ik,ok
nEoSBL25RO4,ok
6PTuUMJ2Uh8,ok
7EnWiGYT1g4,ok
exQ6oGefSiA,ok
2uHhKAjnvNc,ok
6uIK3o32hig,ok
v5tJBLfeurU,ok
VnXu22HZBNQ,ok
Y_hc07rAQlc,ok
UvIkojfQDxA,ok
Enan6eEmtqM,ok
VgtpaBOkvrA,ok
5_sdhAFGmbw,ok
GO5P3fLTwA0,ok
xugufifsB4s,ok
S7eUmZ4Sp3U,ok
A7afwIxo5lE,ok
lhc_bXGvmp0,ok
FoztKuXEYnQ,ok
BagY2Mnz-TU,ok
LGAfo5unZaw,ok
Bz1IXK6ahu0,ok
XIZxT7iI-QI,ok
1AxLzMJIgxM,ok
NHA9Ffaal2M,ok
Upqp21Dm5vg,ok
O0ZCSQF2sSA,ok
bLW-o5UTWKU,ok
lnB7svFAZBs,ok
PFDElc5sfSM,ok
gcQ7LHsTNdc,ok
L1kgO1I9NvQ,ok
LXDAu8DnALw,ok
HdSLKZ6LN94,ok
G4BxOhJOmUw,ok
wjoeVwJTUTA,ok
wDaogBStdZ4,ok
HpzbyjyUf1k,ok
O-H_Ybmtu_U,ok
hR6agVkRRUo,ok
UCZVSr2Xt2k,ok
N4CbgmRezs4,ok
Hez55mhB8UA,ok
7VC4zX1vDE4,ok
ABtt5y-maO4,ok
mnT4MDdEazs,ok
kBo7FK3NO6s,ok
R-GuYMLjMTw,ok
y3PoXXoGVj0,ok
74tZ-yOOPy0,ok
Mf4wwXM2o_M,ok
GuLhn9fJBXY,ok
evzWEXpW1pM,ok
NSi-MniOTqI,ok
4QDDxmtbUsw,ok
ZY63ZSUdywY,ok
7cqYiUmutGI,ok
AwS_DIMeVoM,ok
JLlL_a0PX98,ok
qbMTukAJskQ,ok
akA_Z9Xmnvc,ok
xBGoJUxxRqU,ok
cr2wUlNSFg0,video has no captions
WRA3a7c4Qt4,ok
iZUfPIKbgUM,ok
DkiyT-dnmv8,ok
TkWmK-cplV4,ok
ylxzfecackM,ok
dn_aaxZIA2o,ok
iErqWGwso7o,ok
hwjdXBxeWsc,ok
CFatEWNx5RQ,ok
eA6uLMsl9w0,ok
baG767jr8c8,ok
KKoOIyhJwA4,ok
ROAmMJeTO6Y,ok
u0feM_2mLvo,ok
NgloGi5xEa8,ok
yFZwFs--XbQ,ok
atLL2Yzi3bg,ok
KObL442PWhQ,ok
Y8hi6A5MPVY,ok
2U_0OlCizx0,ok
E_8wQsmjn0A,ok
4o_7xoucHnY,ok
44fjX-rgJ7s,ok
qeltSXT91ro,ok
uwV9cq9DRTY,ok
nbCgfiqq-5c,ok
95M8W1JgH_0,ok
VGsIsfIyz4E,ok
YV9XuvfIudY,ok
6HBPHRDEt_Q,ok
4Rz8BPRFeiA,ok
MdirPsiHnCA,ok
DNg7Obo-DDM,ok
KKBkY-7TCw0,ok
Jizr6LR83Kk,ok
tmUximhgYnI,ok
DnuHzHHwqAw,ok
NCHOyqMUj4o,ok
x5-QoCicNfI,video has no captions
iF2yGGfGv18,ok
ImoP-Apzrsg,ok
Zghe7SNmhOs,ok
DdFKKZe73Pk,ok
yiElOt9cI8k,ok
xHR8BCFv_JY,ok
SjeS6gtPq8E,ok
nKKznGaN7PI,ok
wcJS3nQjhqM,ok
xSjVrR7KPqA,ok
6nuEgc2RVWo,ok
REBSatwHq8s,ok
hf5cl-AGYbg,ok
jFM_rJ5MtYk,ok
NlIiIv-XKhs,ok
AgFaljoriYA,ok
iq6_iUhLHo4,ok
zQm9Bk2bA_Q,ok
jFYi2QRVFOc,ok
vZuBiPBornM,ok
eD5C8ryTd1A,ok
9PWomdbZi2U,ok
wMxKbkWrvDc,ok
gAJG8JwmUpw,ok
34j9_tbM7og,ok
8hpD5strtzM,ok
5FyKxVJmsdE,ok
p73kqpqGqqQ,ok
5Ugrgl9tB2s,ok
VnrScNQDcEQ,ok
b5msQpny05I,ok
LftLcYM6Fzw,ok
0PyTpUIn4ks,ok
_szug5_YkD4,ok
M-_Df_Z_HeI,ok
RwlYqnO9DSE,ok
Dk0axPbD2pc,ok
0TvBiF9S89Q,ok
7dYWH9XA204,ok
U3LFI2mI8Y0,ok
svPa8Rd8dsU,ok
VP1uTgikarU,ok
zNY-qzp7pD0,ok
ZrJtpCTZk38,ok
3LXTGVN3ZOg,ok
8ckxhlDFNkg,ok
teQmpOtjCjY,ok
tCJ_VV0FEZM,ok
RVx90rTJIzc,ok
OFt3SThGi7M,ok
Rzd0mLf366I,ok
S-gUFvpRQoU,ok
Yj07347rEqo,ok
Y9l8iu5J6rs,ok
YUDogDKMJbE,ok
aLpPZlVsny0,ok
Bkd0LxBd2L8,ok
RentKWlhUXc,ok
gW4PCfLzTYA,ok
QphHaVaAeG4,ok
o5XNzsf78KE,ok
JZRpVSn_Z4A,ok
NFAN6L7xnvY,ok
E0G5Y2SOW0c,ok
mF6JUfczaO8,ok
3S94NIJ8oQA,ok
DApDGZ1AkFw,ok
Ukjat70Iyt4,ok
9toK5UUGeok,ok
hzAgFNh4vRY,ok
6pXjR0JyV0s,ok
_SObOsXrDRc,ok
f428glyXdY4,ok
J_8vByvEQJM,ok
exe_I-tnxpU,ok
6yItCQB4V9A,ok
UPccIAVvQA4,ok
n_aq5TVb0HA,ok
_fnhy5xO9vQ,ok
APwwGy4GzK8,ok
pdNm4ug9PpE,ok
cYRG5rkmr-s,ok
kDdUdvNQndo,ok
WtAoc3_1Ido,ok
iIDXc6xZ0X8,ok
VweTeaGwiXQ,ok
32Qlof81vcM,ok
dRLCZqEfJFA,ok
6UnRHtwHGSE,ok
wv43IN_cnyw,ok
rPdln-PUZuE,ok
1Exi0SIY7_Q,ok
5fTd1aYzNHI,ok
2QzYcyurEjw,ok
pTk9HnIwEYU,ok
qoHnwOHLiMk,ok
WMj7G-U3LW8,ok
OU8RICcLCko,ok
YYSP1D6GJ30,ok
J_3v7DEkjsk,ok
i9MMCCd-MSI,ok
6,video has no captions
oM8c31ru92A,ok
nORg_aXMsmA,ok
c_BGPTK3GQk,ok
YxEcd_wTf5c,ok
uc-_KXfHcXQ,ok
cee6883w2Nk,ok
hyUnGjykNwg,ok
RnApthldLPY,ok
SfNgpLkV6KE,ok
W-osWU1WJuM,ok
Z1kR6SIr1XA,ok
N44XgSRE-gY,ok
SZcUJuXjCsw,video has no captions
i7648rZpdck,ok
LgzudBvmd08,ok
pSotJsUcSmA,ok
J719grjgS-I,ok
yYUUobrsFDs,video has no captions
zWuWrdaYMlY,ok
FWQKc6idm64,ok
iTZIm0-PuUw,ok
Jr9Is6NsFck,ok
HVTiPWb2OZc,ok
6GHwG1y-NE0,ok
nAtCqHJofJk,ok
c0A1bkF4mKM,ok
YMF27Q9nLNY,ok
24,video has no captions
F2ENkOF3fMQ,ok
1qRir364aNk,ok
chil75Ip-3w,ok
g1j-5UkZyL0,ok
1inpwA-_PzQ,ok
4BTm1Ezl6XE,ok
EuU_uUb_3nQ,ok
7vTxUYBD0Nk,ok
GWAY5i3CMpo,ok
ge4vghXQTtQ,ok
rVO9F7yRrHo,ok
6JFVKnrE_d8,video has no captions
bSYdABrPrtM,ok
1lPU4CwSnTc,video has no captions
peLPVIGFaz0,ok
Uj8BC2kcp7A,ok
2a8Uz3pYTh4,ok
LfzKfD_WuDM,ok
M-7t9FBecoU,ok
lZsun7ppDeQ,ok
AwOoMG3J4h8,ok
TutmnWa6dVo,ok
FPx7X7k0HuM,ok
PvgCEifW7Jo,ok
b2BVYLyua88,ok
Ao7RQj8sxuo,ok
m6fnJ6rQPok,ok
szFLA4_pwew,ok
ru4U_T83uOU,ok
hsPXh3yna1U,ok
LMJrLc13SuI,ok
BxEDztBWdbc,ok
ds0jskRIeRI,ok
mGZcg6A6FTg,ok
sX2fsvYkKF4,ok
xGHTj4y_bd8,ok
FUeyrEN14Rk,ok
hFeDKLt4P-Y,ok
SjCkW-oAFQ8,ok
98R3fgPKmYs,ok
SntU6-vxzWc,ok
jKslWoZXvn0,ok
cs8OYby6RrA,ok
-aFrFsn998o,video has no captions
g09731mD-s8,ok
q7JDYiLz9Mo,ok
fM57RNUpd10,ok
Ya2_Khcdwsk,ok
_X-Mm8h1AHM,ok
UOztOU4T-_c,ok
XXnlVlkkkxM,ok
RhUMA3bCvAY,ok
RN8uoBwRr1k,ok
R0x7ECje-lY,ok
NWGVFi-213w,ok
LsNg-KrFxCA,ok
R4kwxiDlKzs,ok
ZLnWdPPJvYg,ok
SkKjQhCTP54,ok
9eyS51ufJGU,ok
ndqjxhi7uZs,ok
DUTyGfwdBaY,ok
Gso2WrBcV2Q,ok
D0fsCXflDCE,ok
4zDZV-jGJ6w,ok
Zhq20aCSh-s,ok
jBnWZijMbMY,ok
n1O3uHPCOLA,ok
WKsJC1nuqVo,ok
J2eU4Ol3IDU,ok
OkzpwHodaAs,ok
KV-SUOpW408,ok
vTEi5FFxMuE,ok
-xtuczh5y68,ok
0vZvPtI5Uk8,ok
xl_H9zvMsOk,ok
vWdjqdmFHxw,ok
I2MfxX0N7dQ,ok
XBUq8q1Vwls,ok
Sv7NP9LMU4Q,ok
lyhTkX3e-U0,ok
8q8LsYbDCmM,ok
tXNuz8nXYGk,ok
HLY-7ZkhhLE,ok
6tCFtV0JBKQ,ok
IGS0JouUgjM,ok
PAnreKf_9BE,ok
8,video has no captions
ZrR0VbqNdW8,ok
GZv2yMhk1Cw,ok
bK0NdaDOsG0,ok
25Od-bcv6vM,ok
rBYd_O38Ncw,ok
5odneOsxNTw,ok
Z5zEocd3u9w,ok
8ti1quN-jKs,ok
iC1rvXPt_rE,ok
1ecLOK-b-1s,ok
D8SgdOGIEyU,ok
BsDkBaACINQ,ok
hMDwYiYIeRw,ok
nowFI0WRpO0,ok
3ELo1zykAGU,ok
2d6VmncdK-E,ok
rR4t9LRy-6o,ok
8a7L0bFuE3o,ok
dFh7tZoGYA4,ok
KbNRvWfndjA,ok
Zo7sRijXG00,ok
8iCWUvHMPxQ,ok
NMbMT9tY8-Q,ok
kf8XzD-xVGc,ok
LuXyLBeQ8-w,ok
4e7iksx-Zig,ok
pQmSrlIbULk,ok
r_yBqWHtWMo,ok
6EuzOQOnX2A,ok
H1xBwVgKJe8,ok
XJ79FPwav4g,ok
__qtH1ly2Sg,ok
NfrLH0T0rdU,ok
lMAVnI-2MIA,ok
MJoSs4BGaHI,ok
ihS8__strtM,ok
WS6_CeuSn_s,ok
KgNQ6ZrT4RQ,ok
tfn-LC254Hk,ok
mGSRakRS_J8,ok
MDL7DenDYCE,ok
TUh4Z2li1UM,ok
D_Y18GEjfNY,ok
-XUzpAiYuVA,ok
aTBhpS570JE,ok
-98r0kpLbIM,ok
jEL5i38GFd8,ok
02NINX8OD-A,ok
7vsW0Ut4gCo,ok
zGT45vVJNso,ok
e4mO7ImDKI8,ok
aGPqK_hHA28,ok
Il1Cy4tQCkk,ok
ah5G2EXKgvA,ok
MVdu-DYcfTA,ok
PwbgLteVwvs,ok
3e-f8iK5QLs,ok
mMle42fPNn0,ok
JGL2m6-SLMQ,ok
m6X5I_FI04A,ok
bWX0-NEjyNQ,ok
E1z55dYHv8c,ok
hIjdwDr9xA8,ok
7SpXCwU5AiI,video has no captions
sTntmGwbf_U,ok
M8DHsercsOM,ok
z4Bwb8_k7yM,ok
9c_Tn4dnGIU,ok
LcMYQtVchPA,ok
EcGgDrS5Gto,ok
WOMOVA9UMic,ok
fMUZkOX1Z1I,ok
M73XCOzZAU0,ok
5E_DIPttHuE,ok
6NOtF4l9i9g,ok
LyagMC0bokI,ok
JcLTe8MoAV4,ok
JSl2sRZvpSQ,ok
gAKW8RB6aeU,ok
ulVAMPwcCnc,ok
9Z7s35n3a5I,ok
OsY85e9uIMw,ok
r4HxTcF98MU,ok
55YUKZK7BXg,ok
aBMNzBhB6H0,ok
1pKv5XLe7K0,ok
snZyHoTYXrE,ok
w5K2ZoPVD5E,ok
g4EkzEKlGOA,ok
MNEVF-S90eE,ok
ghnXKzE4z7o,ok
ZYvDLT2BkQ8,ok
M-xGpnB9Pzg,ok
GbfUeneG0s8,ok
bTUUNZFOflw,ok
c7tMpaSOuz8,ok
s5SqsNPWYA4,ok
l7VRSINAEQo,ok
TsvrUr-fmLw,ok
C_hz9wzeBbY,ok
QeuNgmi1EjE,ok
hwKtoO3OmeU,ok
jpF0svYnC_w,ok
baZoJYAQjfI,ok
_QPPLacWr-4,ok
yr6ts2AH04g,ok
eoE-Um-r4kU,ok
LPo8_trCP8M,ok
PzZ7K0qJvTQ,ok
dWlStZlu6bY,ok
5nFQmUQvCHg,ok
D2wxZjJl4ew,ok
M558453kb9g,ok
d3ISyzfTBAc,ok
_JnTnkCm_n4,ok
dr3rMTxq3bA,ok
F_YNznQ35Tc,ok
eEbUClyP8kI,ok
MIgykdiVPZk,ok
r9IO8KCN_Rw,ok
dlATzLk8Nh8,ok
YPsRQ6O1gjA,ok
_4b_8iF8OeI,ok
aRWUMlLMF1c,ok
GH8Vdk0aAew,ok
ofbJfn_seYc,ok
2cAUXitY1Wg,ok
tQfKTsh5ycs,ok
iUT99TWDLnU,ok
PHheRDVn3e8,ok
SFuiyGuhbQU,ok
2,video has no captions
X3DUkE6cgUg,ok
ZqEqtmMY1M0,ok
KxJOGezJlF8,ok
hslA3B1t6So,ok
SJXf0wFQ4Aw,ok
Ni8BsXyln_Q,ok
IDkuwVvZpWM,ok
Oie4gg-oQ6g,ok
wpJvoIhlIWE,ok
FWHiAF5tQTI,ok
QXIqgNMQw2w,ok
PZ-QK-16WgA,ok
7fOY40FvF9Q,ok
1bY8url_TpM,ok
wq1gxK9m5hM,ok
eEUUlThWDE0,ok
TYNPLyxpmw4,ok
i00Wqb_bh5E,ok
uGT8DT____k,ok
HWfxj3KzA8o,ok
kFr6GxEnOJQ,ok
dUxzbnKKzf8,ok
vBX3EcUYMzU,ok
5kKMB890ABc,ok
f0fmS1WEm3s,ok
ekXaskhiLmI,ok
Y2cwkjOb1LE,ok
VzPJE4LUxC4,ok
4bCUULby80g,ok
GHwZqJYYB80,ok
ek5OogQFaAg,ok
D1sZtLbZhMA,ok
zWDWd2GswvE,ok
jeCk5e0YsF0,ok
u4SpZxD0RIw,ok
DAwamRa8m9Y,ok
qvNXPn4ptJM,ok
71jrAWaRc3E,ok
oJ8bRhyJLkk,ok
NMStHZrKun4,ok
Tj26Na3q2d8,ok
JiUsCTy8nEY,ok
OHYbpwRVe5E,ok
J16qIo_BrZI,ok
FvUpmMIhpAo,ok
j1KMaoQ_d2s,ok
wrweyL0YS8Y,ok
UBrF3Txsydw,ok
gCW1hVAebWU,ok
16K8nH07Cws,ok
U9wQtpxD54o,ok
NBPJ9Y_Dxko,ok
ApHZyGZgbvA,ok
BhqcprmntPY,ok
sRO4dsOEItY,ok
1vOBpRmp8v8,ok
2QljlPEwe98,ok
JkSNx5psHtg,ok
PGxk4oVcKQE,ok
6G6gDOZie_c,ok
6GZDBmQsaw0,ok
IxFmWHjcdYM,ok
3adaHqDnZNw,ok
6dXM0itfDO0,ok
GJ2otRI37So,ok
AxM17SyPdCk,ok
tpz4S18l5LM,ok
5RmdNVZOsj8,ok
VChpbmhH9kk,ok
tqR-XEJ9jVY,ok
bpvD4UKuv5Q,ok
vuxomVkJkcY,ok
1-i_7K02S14,ok
C__032Z_m8g,ok
GI-w_R7CqR8,ok
1tU6R3ySgpE,ok
C3_4kkR6dLQ,ok
MTfyvch_0RI,ok
IMvffRnRO0E,ok
P7dD7LPVPkA,ok
Xo0v7ZuA9C0,ok
Tx5R3C9dyMM,ok
ctXnH4bu6FA,ok
1r9JPecyU5U,ok
YKgz4DbBDes,ok
